<?xml version="1.0" encoding="UTF-8"?>
<!-- Generated by org.testng.reporters.JUnitReportReporter -->
<testsuite hostname="DESKTOP-PVLB9JN" failures="0" tests="1" name="com.freecrm.testcases.Ex" time="0.035" errors="0" timestamp="2021-03-02T17:54:10 EET" skipped="0">
  <testcase classname="com.freecrm.testcases.Ex" name="printvalue" time="0.035"/>
  <system-out/>
</testsuite> <!-- com.freecrm.testcases.Ex -->
