<?xml version="1.0" encoding="UTF-8"?>
<!-- Generated by org.testng.reporters.JUnitReportReporter -->
<testsuite hostname="DESKTOP-PVLB9JN" failures="0" tests="1" name="com.freecrm.testcases.Expalin" time="0.025" errors="1" timestamp="2021-03-02T22:36:17 EET" skipped="0">
  <testcase classname="com.freecrm.testcases.Expalin" name="recordvideo" time="0.025">
    <error message="no awt in system library path: C:\Users\ENG RAEED\AppData\Local\Temp\eoi5B3C.tmp\plugins\org.eclipse.justj.openjdk.hotspot.jre.minimal.stripped.win32.x86_64_15.0.1.v20201027-0507\jre\bin" type="java.lang.UnsatisfiedLinkError">
      <![CDATA[java.lang.UnsatisfiedLinkError: no awt in system library path: C:\Users\ENG RAEED\AppData\Local\Temp\eoi5B3C.tmp\plugins\org.eclipse.justj.openjdk.hotspot.jre.minimal.stripped.win32.x86_64_15.0.1.v20201027-0507\jre\bin
at java.base/java.lang.ClassLoader.loadLibrary(Unknown Source)
at java.base/java.lang.Runtime.loadLibrary0(Unknown Source)
at java.base/java.lang.System.loadLibrary(Unknown Source)
at java.desktop/java.awt.Toolkit$2.run(Unknown Source)
at java.desktop/java.awt.Toolkit$2.run(Unknown Source)
at java.base/java.security.AccessController.doPrivileged(Unknown Source)
at java.desktop/java.awt.Toolkit.loadLibraries(Unknown Source)
at java.desktop/java.awt.Toolkit.<clinit>(Unknown Source)
at java.desktop/java.awt.Component.<clinit>(Unknown Source)
at atu.testrecorder.ATUTestRecorder.recorder(ATUTestRecorder.java:191)
at atu.testrecorder.ATUTestRecorder.<init>(ATUTestRecorder.java:179)
at com.freecrm.testcases.Expalin.recordvideo(Expalin.java:15)
at java.base/jdk.internal.reflect.NativeMethodAccessorImpl.invoke0(Native Method)
at java.base/jdk.internal.reflect.NativeMethodAccessorImpl.invoke(Unknown Source)
at java.base/jdk.internal.reflect.DelegatingMethodAccessorImpl.invoke(Unknown Source)
at java.base/java.lang.reflect.Method.invoke(Unknown Source)
at org.testng.internal.MethodInvocationHelper.invokeMethod(MethodInvocationHelper.java:132)
at org.testng.internal.TestInvoker.invokeMethod(TestInvoker.java:599)
at org.testng.internal.TestInvoker.invokeTestMethod(TestInvoker.java:174)
at org.testng.internal.MethodRunner.runInSequence(MethodRunner.java:46)
at org.testng.internal.TestInvoker$MethodInvocationAgent.invoke(TestInvoker.java:822)
at org.testng.internal.TestInvoker.invokeTestMethods(TestInvoker.java:147)
at org.testng.internal.TestMethodWorker.invokeTestMethods(TestMethodWorker.java:146)
at org.testng.internal.TestMethodWorker.run(TestMethodWorker.java:128)
at java.base/java.util.ArrayList.forEach(Unknown Source)
at org.testng.TestRunner.privateRun(TestRunner.java:764)
at org.testng.TestRunner.run(TestRunner.java:585)
at org.testng.SuiteRunner.runTest(SuiteRunner.java:384)
at org.testng.SuiteRunner.runSequentially(SuiteRunner.java:378)
at org.testng.SuiteRunner.privateRun(SuiteRunner.java:337)
at org.testng.SuiteRunner.run(SuiteRunner.java:286)
at org.testng.SuiteRunnerWorker.runSuite(SuiteRunnerWorker.java:53)
at org.testng.SuiteRunnerWorker.run(SuiteRunnerWorker.java:96)
at org.testng.TestNG.runSuitesSequentially(TestNG.java:1218)
at org.testng.TestNG.runSuitesLocally(TestNG.java:1140)
at org.testng.TestNG.runSuites(TestNG.java:1069)
at org.testng.TestNG.run(TestNG.java:1037)
at org.testng.remote.AbstractRemoteTestNG.run(AbstractRemoteTestNG.java:115)
at org.testng.remote.RemoteTestNG.initAndRun(RemoteTestNG.java:251)
at org.testng.remote.RemoteTestNG.main(RemoteTestNG.java:77)
]]>
    </error>
  </testcase> <!-- recordvideo -->
  <system-out/>
</testsuite> <!-- com.freecrm.testcases.Expalin -->
