<?xml version="1.0" encoding="UTF-8"?>
<!-- Generated by org.testng.reporters.JUnitReportReporter -->
<testsuite hostname="DESKTOP-PVLB9JN" failures="0" tests="4" name="com.freecrm.testcases.LoginPageTest" time="58.469" errors="0" timestamp="2021-03-02T21:59:21 EET" skipped="0">
  <testcase classname="com.freecrm.testcases.LoginPageTest" name="TitleTest" time="12.887"/>
  <system-out/>
  <testcase classname="com.freecrm.testcases.LoginPageTest" name="URLCheck" time="12.525"/>
  <system-out/>
  <testcase classname="com.freecrm.testcases.LoginPageTest" name="LogoTest" time="13.252"/>
  <system-out/>
  <testcase classname="com.freecrm.testcases.LoginPageTest" name="LoginTest" time="19.805"/>
  <system-out/>
</testsuite> <!-- com.freecrm.testcases.LoginPageTest -->
