<?xml version="1.0" encoding="UTF-8"?>
<!-- Generated by org.testng.reporters.JUnitReportReporter -->
<testsuite hostname="DESKTOP-PVLB9JN" failures="0" tests="1" name="com.freecrm.testcases.example" time="0.019" errors="0" timestamp="2021-03-01T17:54:01 EET" skipped="0">
  <testcase classname="com.freecrm.testcases.example" name="printValue" time="0.019"/>
  <system-out/>
</testsuite> <!-- com.freecrm.testcases.example -->
