<?xml version="1.0" encoding="UTF-8"?>
<!-- Generated by org.testng.reporters.JUnitReportReporter -->
<testsuite hostname="DESKTOP-PVLB9JN" failures="0" tests="1" name="com.freecrm.testcases.contactPageTest" time="20.718" errors="0" timestamp="2021-03-04T18:35:15 EET" skipped="0">
  <testcase classname="com.freecrm.testcases.contactPageTest" name="addcontact" time="20.718"/>
  <system-out/>
</testsuite> <!-- com.freecrm.testcases.contactPageTest -->
